<?xml version="1.0" encoding="UTF-8"?>
<!-- Generated by org.testng.reporters.JUnitReportReporter -->
<testsuite hostname="MSI" failures="0" tests="3" name="tests.TCs_Header" time="7.101" errors="0" timestamp="2022-12-08T15:59:14 EST" skipped="0">
  <testcase classname="tests.TCs_Header" name="TC_3_selectFromAllList" time="2.269"/>
  <system-out/>
  <testcase classname="tests.TCs_Header" name="TC_1_getHeaderList" time="2.973"/>
  <system-out/>
  <testcase classname="tests.TCs_Header" name="TC_2_getAllMenuList" time="1.859"/>
  <system-out/>
</testsuite> <!-- tests.TCs_Header -->
