<?xml version="1.0" encoding="UTF-8"?>
<!-- Generated by org.testng.reporters.JUnitReportReporter -->
<testsuite hostname="MSI" failures="0" tests="1" name="tests.TCs_Search" time="23.522" errors="0" timestamp="2022-12-29T17:33:01 EST" skipped="0">
  <testcase classname="tests.TCs_Search" name="TC_3_flowerPotFromPatioMenu" time="23.522"/>
  <system-out/>
</testsuite> <!-- tests.TCs_Search -->
