<?xml version="1.0" encoding="UTF-8"?>
<!-- Generated by org.testng.reporters.JUnitReportReporter -->
<testsuite hostname="MSI" failures="0" tests="1" name="tests.TCs_Search" time="6.387" errors="0" timestamp="2022-12-08T16:23:48 EST" skipped="0">
  <testcase classname="tests.TCs_Search" name="TC_1_searchPerfume" time="6.387"/>
  <system-out/>
</testsuite> <!-- tests.TCs_Search -->
