<?xml version="1.0" encoding="UTF-8"?>
<!-- Generated by org.testng.reporters.JUnitReportReporter -->
<testsuite hostname="MSI" failures="0" tests="6" name="tests.TCs_signUp" time="12.905" errors="0" timestamp="2022-12-08T12:40:13 EST" skipped="0">
  <testcase classname="tests.TCs_signUp" name="TC_3_emptyPassword" time="2.017"/>
  <system-out/>
  <testcase classname="tests.TCs_signUp" name="TC_5_wrongPasswordAgain" time="2.008"/>
  <system-out/>
  <testcase classname="tests.TCs_signUp" name="TC_6_invalidEmail" time="2.077"/>
  <system-out/>
  <testcase classname="tests.TCs_signUp" name="TC_1_emptyFirstAndLastName" time="2.603"/>
  <system-out/>
  <testcase classname="tests.TCs_signUp" name="TC_4_emptyPasswordAgain" time="2.250"/>
  <system-out/>
  <testcase classname="tests.TCs_signUp" name="TC_2_emptyMobileOrEmail" time="1.950"/>
  <system-out/>
</testsuite> <!-- tests.TCs_signUp -->
