<?xml version="1.0" encoding="UTF-8"?>
<!-- Generated by org.testng.reporters.JUnitReportReporter -->
<testsuite hostname="MSI" failures="0" tests="2" name="tests.TCs_Search" time="9.016" errors="0" timestamp="2022-12-09T14:55:36 EST" skipped="0">
  <testcase classname="tests.TCs_Search" name="TC_1_searchPerfume" time="7.097"/>
  <system-out/>
  <testcase classname="tests.TCs_Search" name="searchSizeOfCoffeeMakerTypes" time="1.919"/>
  <system-out/>
</testsuite> <!-- tests.TCs_Search -->
